<?xml version="1.0" encoding="UTF-8"?>
<!-- Generated by org.testng.reporters.JUnitReportReporter -->
<testsuite skipped="0" hostname="LAPTOP-CU4Q43D9" name="com.crm.autodesk.AssignmentTestCase.TestCase13" tests="1" failures="0" timestamp="03 Feb 2021 05:06:27 GMT" time="30.699" errors="0">
  <testcase name="invoice_1" time="30.699" classname="com.crm.autodesk.AssignmentTestCase.TestCase13"/>
</testsuite> <!-- com.crm.autodesk.AssignmentTestCase.TestCase13 -->
