<?xml version="1.0" encoding="UTF-8"?>
<!-- Generated by org.testng.reporters.JUnitReportReporter -->
<testsuite skipped="0" hostname="LAPTOP-CU4Q43D9" name="com.pratice.SampleTest" tests="1" failures="0" timestamp="04 Feb 2021 07:14:37 GMT" time="0.011" errors="0">
  <testcase name="createContactTest" time="0.011" classname="com.pratice.SampleTest"/>
</testsuite> <!-- com.pratice.SampleTest -->
