<?xml version="1.0" encoding="UTF-8"?>
<!-- Generated by org.testng.reporters.JUnitReportReporter -->
<testsuite skipped="0" hostname="LAPTOP-CU4Q43D9" name="com.crm.autodesk.AssignmentTestCase.TestClass15" tests="1" failures="0" timestamp="03 Feb 2021 05:06:27 GMT" time="45.854" errors="0">
  <testcase name="invoice_1" time="45.854" classname="com.crm.autodesk.AssignmentTestCase.TestClass15"/>
</testsuite> <!-- com.crm.autodesk.AssignmentTestCase.TestClass15 -->
